12.11.2020 18:46:47	Этот журнал содержит сведения об операции импорта схемы в проект "Theatre" на компьютере "IRINA", выполненной пользователем "Ирина Кудаева".
12.11.2020 18:46:48	Импорт схемы базы данных начат.
12.11.2020 18:47:23	Идет сбор учетных данных для базы данных
12.11.2020 18:47:23	Идет сбор параметров базы данных
12.11.2020 18:47:23	Собирается параметр конфигурации области универсальной базы данных
12.11.2020 18:47:23	Идет сбор пользователей
12.11.2020 18:47:23	Идет сбор ролей
12.11.2020 18:47:23	Идет сбор ролей приложений
12.11.2020 18:47:23	Идет сбор членств ролей
12.11.2020 18:47:23	Идет сбор файловых групп
12.11.2020 18:47:23	Идет сбор полнотекстовых каталогов
12.11.2020 18:47:23	Идет сбор сборок
12.11.2020 18:47:23	Идет сбор сертификатов
12.11.2020 18:47:23	Идет сбор асимметричных ключей
12.11.2020 18:47:23	Идет сбор симметричных ключей
12.11.2020 18:47:23	Идет сбор зашифрованных симметричных ключей
12.11.2020 18:47:23	Идет сбор схем
12.11.2020 18:47:23	Идет сбор коллекции схем XML
12.11.2020 18:47:23	Идет сбор определяемых пользователем типов данных
12.11.2020 18:47:23	Идет сбор определяемых пользователем типов
12.11.2020 18:47:23	Идет сбор табличных типов
12.11.2020 18:47:23	Сбор уникальных ключей для табличных типов
12.11.2020 18:47:23	Идет сбор первичных ключей для табличных типов
12.11.2020 18:47:23	Сбор индексов для табличных типов
12.11.2020 18:47:23	Идет сбор проверочных ограничений для табличных типов
12.11.2020 18:47:23	Идет сбор ограничений по умолчанию для табличных типов
12.11.2020 18:47:23	Идет сбор функций секционирования
12.11.2020 18:47:23	Идет сбор схем секционирования
12.11.2020 18:48:45	Идет сбор функций
12.11.2020 18:49:12	Сбор зашифрованных функций
12.11.2020 18:49:52	Идет сбор статистических выражений
12.11.2020 18:50:09	Идет сбор процедур
12.11.2020 18:50:35	Сбор зашифрованных процедур
12.11.2020 18:51:06	Идет сбор таблиц
12.11.2020 18:51:11	Идет сбор первичных ключей
12.11.2020 18:51:13	Идет сбор ограничений уникальности
12.11.2020 18:51:14	Идет сбор внешних ключей
12.11.2020 18:51:14	Идет сбор ограничений по умолчанию
12.11.2020 18:51:15	Идет сбор проверочных ограничений
12.11.2020 18:51:15	Идет сбор представлений
12.11.2020 18:51:15	Сбор зашифрованных представлений
12.11.2020 18:51:17	Идет сбор индексов
12.11.2020 18:51:19	Идет сбор статистики
12.11.2020 18:51:19	Идет сбор списков стоп-слов полнотекстовых индексов
12.11.2020 18:51:19	Сбор списков свойств поиска
12.11.2020 18:51:19	Сбор свойств поиска
12.11.2020 18:51:20	Идет сбор полнотекстовых индексов
12.11.2020 18:51:21	Сбор индексов хранилища столбцов
12.11.2020 18:51:22	Идет сбор пространственных индексов
12.11.2020 18:51:22	Идет сбор XML-индексов
12.11.2020 18:51:23	Сбор селективных XML-индексов
12.11.2020 18:51:24	Сбор зашифрованных триггеров
12.11.2020 18:51:25	Идет сбор триггеров
12.11.2020 18:51:25	Идет сбор зашифрованных триггеров и триггеров ddl clr
12.11.2020 18:51:26	Идет сбор триггеров ddl
12.11.2020 18:51:26	Идет сбор синонимов
12.11.2020 18:52:01	Идет сбор значений по умолчанию
12.11.2020 18:52:02	Идет сбор привязок uddt ограничений данных
12.11.2020 18:52:20	Идет сбор правил
12.11.2020 18:52:21	Идет сбор привязок uddt ограничений данных
12.11.2020 18:52:21	Идет сбор типов сообщений
12.11.2020 18:52:21	Идет сбор списков ожидания
12.11.2020 18:52:22	Идет сбор контрактов
12.11.2020 18:52:22	Идет сбор служб
12.11.2020 18:52:23	Идет сбор уведомлений о событиях
12.11.2020 18:52:23	Идет сбор привязок удаленных служб
12.11.2020 18:52:24	Идет сбор приоритетов брокера
12.11.2020 18:52:24	Идет сбор подписей
12.11.2020 18:52:25	Идет сбор параметров сжатия данных
12.11.2020 18:52:26	Сбор типов последовательностей
12.11.2020 18:52:26	Идет сбор политик безопасности
12.11.2020 18:52:26	Сбор ключей шифрования столбцов
12.11.2020 18:52:26	Сбор главных ключей столбцов
12.11.2020 18:52:26	Выполняется сбор внешних источников данных
12.11.2020 18:52:26	Выполняется сбор внешних форматов файлов
12.11.2020 18:52:29	Выполняется сбор внешних таблиц
12.11.2020 18:52:29	Идет сбор расширенных свойств
12.11.2020 18:52:47	Идет сбор учетных данных
12.11.2020 18:52:47	Идет сбор имен входа
12.11.2020 18:52:47	Идет сбор аудитов сервера
12.11.2020 18:52:52	Выполняется проверка проекта на наличие повторяющихся элементов
12.11.2020 18:52:52	Обработка повторяющегося элемента завершена
12.11.2020 18:52:53	Импорт базы данных завершен.
12.11.2020 18:52:53	summary операции импорта была сохранена по следующему пути: D:\Theatre\Theatre\Журналы импорта схем\Theatre_20201112114647.log
12.11.2020 18:52:53	Для продолжения нажмите кнопку ''Готово''...
